{"C:\\Users\\YOGI\\Documents\\STUDI INDEPENDEN - HACKTIV8\\INTRO TO NODE JS\\Assignment 3\\app.js": {"path":"C:\\Users\\YOGI\\Documents\\STUDI INDEPENDEN - HACKTIV8\\INTRO TO NODE JS\\Assignment 3\\app.js","statementMap":{"0":{"start":{"line":1,"column":0},"end":{"line":1,"column":70}},"1":{"start":{"line":1,"column":43},"end":{"line":1,"column":70}},"2":{"start":{"line":2,"column":16},"end":{"line":2,"column":34}},"3":{"start":{"line":3,"column":15},"end":{"line":3,"column":40}},"4":{"start":{"line":5,"column":12},"end":{"line":5,"column":21}},"5":{"start":{"line":7,"column":0},"end":{"line":7,"column":49}},"6":{"start":{"line":8,"column":0},"end":{"line":8,"column":24}},"7":{"start":{"line":9,"column":0},"end":{"line":9,"column":16}},"8":{"start":{"line":11,"column":0},"end":{"line":11,"column":21}}},"fnMap":{},"branchMap":{"0":{"loc":{"start":{"line":1,"column":0},"end":{"line":1,"column":70}},"type":"if","locations":[{"start":{"line":1,"column":0},"end":{"line":1,"column":70}},{"start":{},"end":{}}],"line":1}},"s":{"0":4,"1":4,"2":4,"3":4,"4":4,"5":4,"6":4,"7":4,"8":4},"f":{},"b":{"0":[4,0]},"_coverageSchema":"1a1c01bbd47fc00a2c39e90264f33305004495a9","hash":"134ecc62562a9083405ba127acfb56ff58322bff"}
,"C:\\Users\\YOGI\\Documents\\STUDI INDEPENDEN - HACKTIV8\\INTRO TO NODE JS\\Assignment 3\\controllers\\photos-controller.js": {"path":"C:\\Users\\YOGI\\Documents\\STUDI INDEPENDEN - HACKTIV8\\INTRO TO NODE JS\\Assignment 3\\controllers\\photos-controller.js","statementMap":{"0":{"start":{"line":1,"column":24},"end":{"line":1,"column":50}},"1":{"start":{"line":5,"column":4},"end":{"line":10,"column":5}},"2":{"start":{"line":6,"column":21},"end":{"line":6,"column":42}},"3":{"start":{"line":7,"column":6},"end":{"line":7,"column":35}},"4":{"start":{"line":9,"column":6},"end":{"line":9,"column":18}},"5":{"start":{"line":14,"column":19},"end":{"line":14,"column":29}},"6":{"start":{"line":15,"column":4},"end":{"line":29,"column":5}},"7":{"start":{"line":16,"column":20},"end":{"line":24,"column":8}},"8":{"start":{"line":25,"column":6},"end":{"line":25,"column":48}},"9":{"start":{"line":25,"column":18},"end":{"line":25,"column":48}},"10":{"start":{"line":26,"column":6},"end":{"line":26,"column":34}},"11":{"start":{"line":28,"column":6},"end":{"line":28,"column":18}},"12":{"start":{"line":33,"column":33},"end":{"line":33,"column":41}},"13":{"start":{"line":34,"column":19},"end":{"line":34,"column":30}},"14":{"start":{"line":35,"column":4},"end":{"line":40,"column":5}},"15":{"start":{"line":36,"column":20},"end":{"line":36,"column":68}},"16":{"start":{"line":37,"column":6},"end":{"line":37,"column":34}},"17":{"start":{"line":39,"column":6},"end":{"line":39,"column":18}},"18":{"start":{"line":44,"column":0},"end":{"line":44,"column":34}}},"fnMap":{"0":{"name":"(anonymous_0)","decl":{"start":{"line":4,"column":2},"end":{"line":4,"column":3}},"loc":{"start":{"line":4,"column":39},"end":{"line":11,"column":3}},"line":4},"1":{"name":"(anonymous_1)","decl":{"start":{"line":13,"column":2},"end":{"line":13,"column":3}},"loc":{"start":{"line":13,"column":40},"end":{"line":30,"column":3}},"line":13},"2":{"name":"(anonymous_2)","decl":{"start":{"line":32,"column":2},"end":{"line":32,"column":3}},"loc":{"start":{"line":32,"column":38},"end":{"line":41,"column":3}},"line":32}},"branchMap":{"0":{"loc":{"start":{"line":25,"column":6},"end":{"line":25,"column":48}},"type":"if","locations":[{"start":{"line":25,"column":6},"end":{"line":25,"column":48}},{"start":{},"end":{}}],"line":25}},"s":{"0":4,"1":1,"2":1,"3":1,"4":0,"5":2,"6":2,"7":2,"8":2,"9":1,"10":1,"11":1,"12":6,"13":6,"14":6,"15":6,"16":1,"17":5,"18":4},"f":{"0":1,"1":2,"2":6},"b":{"0":[1,1]},"_coverageSchema":"1a1c01bbd47fc00a2c39e90264f33305004495a9","hash":"ec8df20a31ebb0b45ab5497cec9f342501f1f427"}
,"C:\\Users\\YOGI\\Documents\\STUDI INDEPENDEN - HACKTIV8\\INTRO TO NODE JS\\Assignment 3\\controllers\\users-controller.js": {"path":"C:\\Users\\YOGI\\Documents\\STUDI INDEPENDEN - HACKTIV8\\INTRO TO NODE JS\\Assignment 3\\controllers\\users-controller.js","statementMap":{"0":{"start":{"line":1,"column":17},"end":{"line":1,"column":43}},"1":{"start":{"line":2,"column":20},"end":{"line":2,"column":46}},"2":{"start":{"line":3,"column":17},"end":{"line":3,"column":42}},"3":{"start":{"line":7,"column":32},"end":{"line":7,"column":40}},"4":{"start":{"line":8,"column":4},"end":{"line":17,"column":5}},"5":{"start":{"line":9,"column":6},"end":{"line":9,"column":70}},"6":{"start":{"line":9,"column":31},"end":{"line":9,"column":70}},"7":{"start":{"line":10,"column":19},"end":{"line":10,"column":59}},"8":{"start":{"line":11,"column":6},"end":{"line":11,"column":49}},"9":{"start":{"line":11,"column":17},"end":{"line":11,"column":49}},"10":{"start":{"line":12,"column":6},"end":{"line":12,"column":77}},"11":{"start":{"line":12,"column":45},"end":{"line":12,"column":77}},"12":{"start":{"line":13,"column":20},"end":{"line":13,"column":60}},"13":{"start":{"line":14,"column":6},"end":{"line":14,"column":38}},"14":{"start":{"line":16,"column":6},"end":{"line":16,"column":18}},"15":{"start":{"line":21,"column":4},"end":{"line":30,"column":5}},"16":{"start":{"line":22,"column":44},"end":{"line":22,"column":52}},"17":{"start":{"line":23,"column":19},"end":{"line":23,"column":67}},"18":{"start":{"line":24,"column":6},"end":{"line":27,"column":9}},"19":{"start":{"line":29,"column":6},"end":{"line":29,"column":18}},"20":{"start":{"line":34,"column":0},"end":{"line":34,"column":33}}},"fnMap":{"0":{"name":"(anonymous_0)","decl":{"start":{"line":6,"column":2},"end":{"line":6,"column":3}},"loc":{"start":{"line":6,"column":38},"end":{"line":18,"column":3}},"line":6},"1":{"name":"(anonymous_1)","decl":{"start":{"line":20,"column":2},"end":{"line":20,"column":3}},"loc":{"start":{"line":20,"column":38},"end":{"line":31,"column":3}},"line":20}},"branchMap":{"0":{"loc":{"start":{"line":9,"column":6},"end":{"line":9,"column":70}},"type":"if","locations":[{"start":{"line":9,"column":6},"end":{"line":9,"column":70}},{"start":{},"end":{}}],"line":9},"1":{"loc":{"start":{"line":9,"column":10},"end":{"line":9,"column":29}},"type":"binary-expr","locations":[{"start":{"line":9,"column":10},"end":{"line":9,"column":16}},{"start":{"line":9,"column":20},"end":{"line":9,"column":29}}],"line":9},"2":{"loc":{"start":{"line":11,"column":6},"end":{"line":11,"column":49}},"type":"if","locations":[{"start":{"line":11,"column":6},"end":{"line":11,"column":49}},{"start":{},"end":{}}],"line":11},"3":{"loc":{"start":{"line":12,"column":6},"end":{"line":12,"column":77}},"type":"if","locations":[{"start":{"line":12,"column":6},"end":{"line":12,"column":77}},{"start":{},"end":{}}],"line":12}},"s":{"0":4,"1":4,"2":4,"3":7,"4":7,"5":7,"6":4,"7":3,"8":3,"9":1,"10":2,"11":1,"12":1,"13":1,"14":6,"15":9,"16":9,"17":9,"18":1,"19":8,"20":4},"f":{"0":7,"1":9},"b":{"0":[4,3],"1":[7,5],"2":[1,2],"3":[1,1]},"_coverageSchema":"1a1c01bbd47fc00a2c39e90264f33305004495a9","hash":"4246d459137c043603ec03b487623d198747d7fc"}
,"C:\\Users\\YOGI\\Documents\\STUDI INDEPENDEN - HACKTIV8\\INTRO TO NODE JS\\Assignment 3\\helpers\\hash.js": {"path":"C:\\Users\\YOGI\\Documents\\STUDI INDEPENDEN - HACKTIV8\\INTRO TO NODE JS\\Assignment 3\\helpers\\hash.js","statementMap":{"0":{"start":{"line":1,"column":15},"end":{"line":1,"column":34}},"1":{"start":{"line":4,"column":2},"end":{"line":4,"column":36}},"2":{"start":{"line":8,"column":2},"end":{"line":8,"column":43}},"3":{"start":{"line":11,"column":0},"end":{"line":14,"column":2}}},"fnMap":{"0":{"name":"hash","decl":{"start":{"line":3,"column":9},"end":{"line":3,"column":13}},"loc":{"start":{"line":3,"column":21},"end":{"line":5,"column":1}},"line":3},"1":{"name":"compare","decl":{"start":{"line":7,"column":9},"end":{"line":7,"column":16}},"loc":{"start":{"line":7,"column":32},"end":{"line":9,"column":1}},"line":7}},"branchMap":{},"s":{"0":4,"1":5,"2":2,"3":4},"f":{"0":5,"1":2},"b":{},"_coverageSchema":"1a1c01bbd47fc00a2c39e90264f33305004495a9","hash":"97d287322c8df5816d48586d3b1b8d217d6d0f4c"}
,"C:\\Users\\YOGI\\Documents\\STUDI INDEPENDEN - HACKTIV8\\INTRO TO NODE JS\\Assignment 3\\helpers\\jwt.js": {"path":"C:\\Users\\YOGI\\Documents\\STUDI INDEPENDEN - HACKTIV8\\INTRO TO NODE JS\\Assignment 3\\helpers\\jwt.js","statementMap":{"0":{"start":{"line":1,"column":12},"end":{"line":1,"column":35}},"1":{"start":{"line":4,"column":2},"end":{"line":4,"column":51}},"2":{"start":{"line":8,"column":2},"end":{"line":8,"column":51}},"3":{"start":{"line":11,"column":0},"end":{"line":14,"column":2}}},"fnMap":{"0":{"name":"sign","decl":{"start":{"line":3,"column":9},"end":{"line":3,"column":13}},"loc":{"start":{"line":3,"column":23},"end":{"line":5,"column":1}},"line":3},"1":{"name":"verify","decl":{"start":{"line":7,"column":9},"end":{"line":7,"column":15}},"loc":{"start":{"line":7,"column":23},"end":{"line":9,"column":1}},"line":7}},"branchMap":{},"s":{"0":4,"1":3,"2":12,"3":4},"f":{"0":3,"1":12},"b":{},"_coverageSchema":"1a1c01bbd47fc00a2c39e90264f33305004495a9","hash":"f1e24138ccca58aa32677df30854a858a7bd9a3d"}
,"C:\\Users\\YOGI\\Documents\\STUDI INDEPENDEN - HACKTIV8\\INTRO TO NODE JS\\Assignment 3\\middlewares\\authentication-middleware.js": {"path":"C:\\Users\\YOGI\\Documents\\STUDI INDEPENDEN - HACKTIV8\\INTRO TO NODE JS\\Assignment 3\\middlewares\\authentication-middleware.js","statementMap":{"0":{"start":{"line":1,"column":19},"end":{"line":1,"column":44}},"1":{"start":{"line":2,"column":17},"end":{"line":2,"column":43}},"2":{"start":{"line":5,"column":2},"end":{"line":17,"column":3}},"3":{"start":{"line":6,"column":30},"end":{"line":6,"column":41}},"4":{"start":{"line":7,"column":4},"end":{"line":7,"column":58}},"5":{"start":{"line":7,"column":24},"end":{"line":7,"column":58}},"6":{"start":{"line":8,"column":4},"end":{"line":8,"column":43}},"7":{"start":{"line":9,"column":4},"end":{"line":9,"column":59}},"8":{"start":{"line":9,"column":28},"end":{"line":9,"column":59}},"9":{"start":{"line":10,"column":26},"end":{"line":10,"column":42}},"10":{"start":{"line":11,"column":17},"end":{"line":11,"column":61}},"11":{"start":{"line":12,"column":4},"end":{"line":12,"column":46}},"12":{"start":{"line":12,"column":15},"end":{"line":12,"column":46}},"13":{"start":{"line":13,"column":4},"end":{"line":13,"column":29}},"14":{"start":{"line":14,"column":4},"end":{"line":14,"column":11}},"15":{"start":{"line":16,"column":4},"end":{"line":16,"column":16}},"16":{"start":{"line":20,"column":0},"end":{"line":20,"column":42}}},"fnMap":{"0":{"name":"authenticationMiddleware","decl":{"start":{"line":4,"column":15},"end":{"line":4,"column":39}},"loc":{"start":{"line":4,"column":56},"end":{"line":18,"column":1}},"line":4}},"branchMap":{"0":{"loc":{"start":{"line":7,"column":4},"end":{"line":7,"column":58}},"type":"if","locations":[{"start":{"line":7,"column":4},"end":{"line":7,"column":58}},{"start":{},"end":{}}],"line":7},"1":{"loc":{"start":{"line":9,"column":4},"end":{"line":9,"column":59}},"type":"if","locations":[{"start":{"line":9,"column":4},"end":{"line":9,"column":59}},{"start":{},"end":{}}],"line":9},"2":{"loc":{"start":{"line":12,"column":4},"end":{"line":12,"column":46}},"type":"if","locations":[{"start":{"line":12,"column":4},"end":{"line":12,"column":46}},{"start":{},"end":{}}],"line":12}},"s":{"0":4,"1":4,"2":13,"3":13,"4":13,"5":1,"6":12,"7":12,"8":1,"9":11,"10":10,"11":10,"12":1,"13":9,"14":9,"15":4,"16":4},"f":{"0":13},"b":{"0":[1,12],"1":[1,11],"2":[1,9]},"_coverageSchema":"1a1c01bbd47fc00a2c39e90264f33305004495a9","hash":"4d1c1b821d385ca0a7edd81b54f262407bdaf1fa"}
,"C:\\Users\\YOGI\\Documents\\STUDI INDEPENDEN - HACKTIV8\\INTRO TO NODE JS\\Assignment 3\\middlewares\\error-middleware.js": {"path":"C:\\Users\\YOGI\\Documents\\STUDI INDEPENDEN - HACKTIV8\\INTRO TO NODE JS\\Assignment 3\\middlewares\\error-middleware.js","statementMap":{"0":{"start":{"line":2,"column":13},"end":{"line":2,"column":16}},"1":{"start":{"line":3,"column":16},"end":{"line":3,"column":39}},"2":{"start":{"line":5,"column":2},"end":{"line":33,"column":3}},"3":{"start":{"line":6,"column":4},"end":{"line":6,"column":15}},"4":{"start":{"line":7,"column":4},"end":{"line":7,"column":30}},"5":{"start":{"line":8,"column":9},"end":{"line":33,"column":3}},"6":{"start":{"line":9,"column":4},"end":{"line":9,"column":15}},"7":{"start":{"line":10,"column":4},"end":{"line":10,"column":30}},"8":{"start":{"line":11,"column":9},"end":{"line":33,"column":3}},"9":{"start":{"line":12,"column":4},"end":{"line":12,"column":15}},"10":{"start":{"line":13,"column":4},"end":{"line":13,"column":29}},"11":{"start":{"line":14,"column":9},"end":{"line":33,"column":3}},"12":{"start":{"line":15,"column":4},"end":{"line":15,"column":15}},"13":{"start":{"line":16,"column":4},"end":{"line":16,"column":31}},"14":{"start":{"line":17,"column":9},"end":{"line":33,"column":3}},"15":{"start":{"line":18,"column":4},"end":{"line":18,"column":15}},"16":{"start":{"line":19,"column":4},"end":{"line":19,"column":49}},"17":{"start":{"line":19,"column":38},"end":{"line":19,"column":47}},"18":{"start":{"line":20,"column":9},"end":{"line":33,"column":3}},"19":{"start":{"line":25,"column":4},"end":{"line":25,"column":15}},"20":{"start":{"line":26,"column":4},"end":{"line":26,"column":37}},"21":{"start":{"line":27,"column":9},"end":{"line":33,"column":3}},"22":{"start":{"line":28,"column":4},"end":{"line":28,"column":15}},"23":{"start":{"line":29,"column":4},"end":{"line":29,"column":28}},"24":{"start":{"line":30,"column":9},"end":{"line":33,"column":3}},"25":{"start":{"line":31,"column":4},"end":{"line":31,"column":15}},"26":{"start":{"line":32,"column":4},"end":{"line":32,"column":37}},"27":{"start":{"line":35,"column":2},"end":{"line":35,"column":44}},"28":{"start":{"line":38,"column":0},"end":{"line":38,"column":33}}},"fnMap":{"0":{"name":"errorMiddleware","decl":{"start":{"line":1,"column":9},"end":{"line":1,"column":24}},"loc":{"start":{"line":1,"column":48},"end":{"line":36,"column":1}},"line":1},"1":{"name":"(anonymous_1)","decl":{"start":{"line":19,"column":31},"end":{"line":19,"column":32}},"loc":{"start":{"line":19,"column":38},"end":{"line":19,"column":47}},"line":19}},"branchMap":{"0":{"loc":{"start":{"line":5,"column":2},"end":{"line":33,"column":3}},"type":"if","locations":[{"start":{"line":5,"column":2},"end":{"line":33,"column":3}},{"start":{"line":8,"column":9},"end":{"line":33,"column":3}}],"line":5},"1":{"loc":{"start":{"line":8,"column":9},"end":{"line":33,"column":3}},"type":"if","locations":[{"start":{"line":8,"column":9},"end":{"line":33,"column":3}},{"start":{"line":11,"column":9},"end":{"line":33,"column":3}}],"line":8},"2":{"loc":{"start":{"line":11,"column":9},"end":{"line":33,"column":3}},"type":"if","locations":[{"start":{"line":11,"column":9},"end":{"line":33,"column":3}},{"start":{"line":14,"column":9},"end":{"line":33,"column":3}}],"line":11},"3":{"loc":{"start":{"line":11,"column":13},"end":{"line":11,"column":78}},"type":"binary-expr","locations":[{"start":{"line":11,"column":13},"end":{"line":11,"column":42}},{"start":{"line":11,"column":46},"end":{"line":11,"column":78}}],"line":11},"4":{"loc":{"start":{"line":14,"column":9},"end":{"line":33,"column":3}},"type":"if","locations":[{"start":{"line":14,"column":9},"end":{"line":33,"column":3}},{"start":{"line":17,"column":9},"end":{"line":33,"column":3}}],"line":14},"5":{"loc":{"start":{"line":17,"column":9},"end":{"line":33,"column":3}},"type":"if","locations":[{"start":{"line":17,"column":9},"end":{"line":33,"column":3}},{"start":{"line":20,"column":9},"end":{"line":33,"column":3}}],"line":17},"6":{"loc":{"start":{"line":20,"column":9},"end":{"line":33,"column":3}},"type":"if","locations":[{"start":{"line":20,"column":9},"end":{"line":33,"column":3}},{"start":{"line":27,"column":9},"end":{"line":33,"column":3}}],"line":20},"7":{"loc":{"start":{"line":21,"column":4},"end":{"line":23,"column":41}},"type":"binary-expr","locations":[{"start":{"line":21,"column":4},"end":{"line":21,"column":34}},{"start":{"line":22,"column":4},"end":{"line":22,"column":34}},{"start":{"line":23,"column":4},"end":{"line":23,"column":41}}],"line":21},"8":{"loc":{"start":{"line":27,"column":9},"end":{"line":33,"column":3}},"type":"if","locations":[{"start":{"line":27,"column":9},"end":{"line":33,"column":3}},{"start":{"line":30,"column":9},"end":{"line":33,"column":3}}],"line":27},"9":{"loc":{"start":{"line":30,"column":9},"end":{"line":33,"column":3}},"type":"if","locations":[{"start":{"line":30,"column":9},"end":{"line":33,"column":3}},{"start":{},"end":{}}],"line":30}},"s":{"0":25,"1":25,"2":25,"3":1,"4":1,"5":24,"6":1,"7":1,"8":23,"9":2,"10":2,"11":21,"12":1,"13":1,"14":20,"15":12,"16":12,"17":14,"18":8,"19":6,"20":6,"21":2,"22":1,"23":1,"24":1,"25":1,"26":1,"27":25,"28":4},"f":{"0":25,"1":14},"b":{"0":[1,24],"1":[1,23],"2":[2,21],"3":[23,22],"4":[1,20],"5":[12,8],"6":[6,2],"7":[8,7,6],"8":[1,1],"9":[1,0]},"_coverageSchema":"1a1c01bbd47fc00a2c39e90264f33305004495a9","hash":"8e110e287c868b8f692c98e28519d3dfab93a4e8"}
,"C:\\Users\\YOGI\\Documents\\STUDI INDEPENDEN - HACKTIV8\\INTRO TO NODE JS\\Assignment 3\\models\\index.js": {"path":"C:\\Users\\YOGI\\Documents\\STUDI INDEPENDEN - HACKTIV8\\INTRO TO NODE JS\\Assignment 3\\models\\index.js","statementMap":{"0":{"start":{"line":3,"column":11},"end":{"line":3,"column":24}},"1":{"start":{"line":4,"column":13},"end":{"line":4,"column":28}},"2":{"start":{"line":5,"column":18},"end":{"line":5,"column":38}},"3":{"start":{"line":6,"column":17},"end":{"line":6,"column":42}},"4":{"start":{"line":7,"column":12},"end":{"line":7,"column":49}},"5":{"start":{"line":8,"column":15},"end":{"line":8,"column":65}},"6":{"start":{"line":9,"column":11},"end":{"line":9,"column":13}},"7":{"start":{"line":12,"column":0},"end":{"line":16,"column":1}},"8":{"start":{"line":13,"column":2},"end":{"line":13,"column":74}},"9":{"start":{"line":15,"column":2},"end":{"line":15,"column":87}},"10":{"start":{"line":18,"column":0},"end":{"line":25,"column":5}},"11":{"start":{"line":20,"column":4},"end":{"line":20,"column":84}},"12":{"start":{"line":23,"column":18},"end":{"line":23,"column":85}},"13":{"start":{"line":24,"column":4},"end":{"line":24,"column":27}},"14":{"start":{"line":27,"column":0},"end":{"line":31,"column":3}},"15":{"start":{"line":28,"column":2},"end":{"line":30,"column":3}},"16":{"start":{"line":29,"column":4},"end":{"line":29,"column":32}},"17":{"start":{"line":33,"column":0},"end":{"line":33,"column":25}},"18":{"start":{"line":34,"column":0},"end":{"line":34,"column":25}},"19":{"start":{"line":36,"column":0},"end":{"line":36,"column":20}}},"fnMap":{"0":{"name":"(anonymous_0)","decl":{"start":{"line":19,"column":10},"end":{"line":19,"column":11}},"loc":{"start":{"line":19,"column":20},"end":{"line":21,"column":3}},"line":19},"1":{"name":"(anonymous_1)","decl":{"start":{"line":22,"column":11},"end":{"line":22,"column":12}},"loc":{"start":{"line":22,"column":21},"end":{"line":25,"column":3}},"line":22},"2":{"name":"(anonymous_2)","decl":{"start":{"line":27,"column":24},"end":{"line":27,"column":25}},"loc":{"start":{"line":27,"column":39},"end":{"line":31,"column":1}},"line":27}},"branchMap":{"0":{"loc":{"start":{"line":7,"column":12},"end":{"line":7,"column":49}},"type":"binary-expr","locations":[{"start":{"line":7,"column":12},"end":{"line":7,"column":32}},{"start":{"line":7,"column":36},"end":{"line":7,"column":49}}],"line":7},"1":{"loc":{"start":{"line":12,"column":0},"end":{"line":16,"column":1}},"type":"if","locations":[{"start":{"line":12,"column":0},"end":{"line":16,"column":1}},{"start":{"line":14,"column":7},"end":{"line":16,"column":1}}],"line":12},"2":{"loc":{"start":{"line":20,"column":11},"end":{"line":20,"column":83}},"type":"binary-expr","locations":[{"start":{"line":20,"column":11},"end":{"line":20,"column":34}},{"start":{"line":20,"column":38},"end":{"line":20,"column":55}},{"start":{"line":20,"column":59},"end":{"line":20,"column":83}}],"line":20},"3":{"loc":{"start":{"line":28,"column":2},"end":{"line":30,"column":3}},"type":"if","locations":[{"start":{"line":28,"column":2},"end":{"line":30,"column":3}},{"start":{},"end":{}}],"line":28}},"s":{"0":4,"1":4,"2":4,"3":4,"4":4,"5":4,"6":4,"7":4,"8":0,"9":4,"10":4,"11":12,"12":8,"13":8,"14":4,"15":8,"16":8,"17":4,"18":4,"19":4},"f":{"0":12,"1":8,"2":8},"b":{"0":[4,0],"1":[0,4],"2":[12,12,8],"3":[8,0]},"_coverageSchema":"1a1c01bbd47fc00a2c39e90264f33305004495a9","hash":"19d1d04122ca436a46c43fb337ed98ecb9879cf8"}
,"C:\\Users\\YOGI\\Documents\\STUDI INDEPENDEN - HACKTIV8\\INTRO TO NODE JS\\Assignment 3\\models\\photo.js": {"path":"C:\\Users\\YOGI\\Documents\\STUDI INDEPENDEN - HACKTIV8\\INTRO TO NODE JS\\Assignment 3\\models\\photo.js","statementMap":{"0":{"start":{"line":2,"column":18},"end":{"line":2,"column":38}},"1":{"start":{"line":3,"column":0},"end":{"line":69,"column":2}},"2":{"start":{"line":12,"column":6},"end":{"line":12,"column":35}},"3":{"start":{"line":15,"column":2},"end":{"line":67,"column":4}},"4":{"start":{"line":61,"column":10},"end":{"line":61,"column":85}},"5":{"start":{"line":68,"column":2},"end":{"line":68,"column":15}}},"fnMap":{"0":{"name":"(anonymous_0)","decl":{"start":{"line":3,"column":17},"end":{"line":3,"column":18}},"loc":{"start":{"line":3,"column":43},"end":{"line":69,"column":1}},"line":3},"1":{"name":"(anonymous_1)","decl":{"start":{"line":10,"column":4},"end":{"line":10,"column":5}},"loc":{"start":{"line":10,"column":29},"end":{"line":13,"column":5}},"line":10},"2":{"name":"(anonymous_2)","decl":{"start":{"line":60,"column":8},"end":{"line":60,"column":9}},"loc":{"start":{"line":60,"column":31},"end":{"line":62,"column":9}},"line":60}},"branchMap":{},"s":{"0":4,"1":4,"2":4,"3":4,"4":1,"5":4},"f":{"0":4,"1":4,"2":1},"b":{},"_coverageSchema":"1a1c01bbd47fc00a2c39e90264f33305004495a9","hash":"4aa48376da4656a0a738018dc9f788a004af94af"}
,"C:\\Users\\YOGI\\Documents\\STUDI INDEPENDEN - HACKTIV8\\INTRO TO NODE JS\\Assignment 3\\models\\user.js": {"path":"C:\\Users\\YOGI\\Documents\\STUDI INDEPENDEN - HACKTIV8\\INTRO TO NODE JS\\Assignment 3\\models\\user.js","statementMap":{"0":{"start":{"line":2,"column":18},"end":{"line":2,"column":38}},"1":{"start":{"line":3,"column":17},"end":{"line":3,"column":45}},"2":{"start":{"line":4,"column":0},"end":{"line":69,"column":2}},"3":{"start":{"line":13,"column":6},"end":{"line":13,"column":33}},"4":{"start":{"line":16,"column":2},"end":{"line":67,"column":4}},"5":{"start":{"line":61,"column":10},"end":{"line":61,"column":54}},"6":{"start":{"line":68,"column":2},"end":{"line":68,"column":14}}},"fnMap":{"0":{"name":"(anonymous_0)","decl":{"start":{"line":4,"column":17},"end":{"line":4,"column":18}},"loc":{"start":{"line":4,"column":43},"end":{"line":69,"column":1}},"line":4},"1":{"name":"(anonymous_1)","decl":{"start":{"line":11,"column":4},"end":{"line":11,"column":5}},"loc":{"start":{"line":11,"column":29},"end":{"line":14,"column":5}},"line":11},"2":{"name":"(anonymous_2)","decl":{"start":{"line":60,"column":8},"end":{"line":60,"column":9}},"loc":{"start":{"line":60,"column":31},"end":{"line":62,"column":9}},"line":60}},"branchMap":{},"s":{"0":4,"1":4,"2":4,"3":4,"4":4,"5":2,"6":4},"f":{"0":4,"1":4,"2":2},"b":{},"_coverageSchema":"1a1c01bbd47fc00a2c39e90264f33305004495a9","hash":"c8fbe54267a2c863fc327faaba29024cbad2f746"}
,"C:\\Users\\YOGI\\Documents\\STUDI INDEPENDEN - HACKTIV8\\INTRO TO NODE JS\\Assignment 3\\routes\\index.js": {"path":"C:\\Users\\YOGI\\Documents\\STUDI INDEPENDEN - HACKTIV8\\INTRO TO NODE JS\\Assignment 3\\routes\\index.js","statementMap":{"0":{"start":{"line":1,"column":15},"end":{"line":1,"column":42}},"1":{"start":{"line":2,"column":24},"end":{"line":2,"column":66}},"2":{"start":{"line":3,"column":20},"end":{"line":3,"column":45}},"3":{"start":{"line":4,"column":21},"end":{"line":4,"column":47}},"4":{"start":{"line":6,"column":0},"end":{"line":6,"column":24}},"5":{"start":{"line":7,"column":0},"end":{"line":7,"column":36}},"6":{"start":{"line":9,"column":0},"end":{"line":11,"column":3}},"7":{"start":{"line":10,"column":2},"end":{"line":10,"column":33}},"8":{"start":{"line":13,"column":0},"end":{"line":13,"column":28}},"9":{"start":{"line":15,"column":0},"end":{"line":15,"column":24}}},"fnMap":{"0":{"name":"(anonymous_0)","decl":{"start":{"line":9,"column":11},"end":{"line":9,"column":12}},"loc":{"start":{"line":9,"column":31},"end":{"line":11,"column":1}},"line":9}},"branchMap":{},"s":{"0":4,"1":4,"2":4,"3":4,"4":4,"5":4,"6":4,"7":1,"8":4,"9":4},"f":{"0":1},"b":{},"_coverageSchema":"1a1c01bbd47fc00a2c39e90264f33305004495a9","hash":"e14926f5049b08d9aaa2bca70db7b50b2e5bb90d"}
,"C:\\Users\\YOGI\\Documents\\STUDI INDEPENDEN - HACKTIV8\\INTRO TO NODE JS\\Assignment 3\\routes\\photos-router.js": {"path":"C:\\Users\\YOGI\\Documents\\STUDI INDEPENDEN - HACKTIV8\\INTRO TO NODE JS\\Assignment 3\\routes\\photos-router.js","statementMap":{"0":{"start":{"line":1,"column":15},"end":{"line":1,"column":42}},"1":{"start":{"line":2,"column":33},"end":{"line":2,"column":84}},"2":{"start":{"line":3,"column":25},"end":{"line":3,"column":68}},"3":{"start":{"line":5,"column":0},"end":{"line":5,"column":37}},"4":{"start":{"line":6,"column":0},"end":{"line":6,"column":42}},"5":{"start":{"line":7,"column":0},"end":{"line":7,"column":46}},"6":{"start":{"line":8,"column":0},"end":{"line":8,"column":42}},"7":{"start":{"line":10,"column":0},"end":{"line":10,"column":24}}},"fnMap":{},"branchMap":{},"s":{"0":4,"1":4,"2":4,"3":4,"4":4,"5":4,"6":4,"7":4},"f":{},"b":{},"_coverageSchema":"1a1c01bbd47fc00a2c39e90264f33305004495a9","hash":"43b393671d1919d072a9be96a67d49920c80b518"}
,"C:\\Users\\YOGI\\Documents\\STUDI INDEPENDEN - HACKTIV8\\INTRO TO NODE JS\\Assignment 3\\routes\\users-router.js": {"path":"C:\\Users\\YOGI\\Documents\\STUDI INDEPENDEN - HACKTIV8\\INTRO TO NODE JS\\Assignment 3\\routes\\users-router.js","statementMap":{"0":{"start":{"line":1,"column":15},"end":{"line":1,"column":42}},"1":{"start":{"line":2,"column":24},"end":{"line":2,"column":66}},"2":{"start":{"line":4,"column":0},"end":{"line":4,"column":48}},"3":{"start":{"line":5,"column":0},"end":{"line":5,"column":48}},"4":{"start":{"line":7,"column":0},"end":{"line":7,"column":24}}},"fnMap":{},"branchMap":{},"s":{"0":4,"1":4,"2":4,"3":4,"4":4},"f":{},"b":{},"_coverageSchema":"1a1c01bbd47fc00a2c39e90264f33305004495a9","hash":"8d8d2d45197cff44f1d5c84397cf0f811cd6b860"}
}
